1
30
30
cccccccccccccccccccccccccccccc
ccsssssssssssssssssssssssssscc
ccsttttttttttttttttttttttttscc
ccsttttttttttttttttttttttttscc
ccstttsssssssssssssssssstttscc
ccstttsddddddddddddddddstttscc
ccstttsddddddddddddddddstttscc
ccstttsddddddddddddddddstttscc
ccstttsddddddddddddddddstttscc
ccstttsssssssssssssssssstttscc
ccsttttttttttttttttttttttttscc
ccsttttttttttttttttttttttttscc
ccsssssssssssssssssssssssssscc
ccsssssssssssssssssssssssssscc
ccsssssssssssssssssssssssssscc
ccsggggggggggggggggggggggggscc
ccsggggggggggggggggggggggggscc
ccsggggggggggggggggggggggggscc
ccsggggggggggggggggggggggggscc
ccsgffffffffffffffffffffffgscc
ccsgffffffffffffffffffffffgscc
ccsgffffffffffffffffffffffgscc
ccsgffffffffffffffffffffffgscc
ccsggggggggggggggggggggggggscc
ccnnnnnnnnnnnnnnnnnnnnnnnnnncc
ccnnnnnnnnnnnnnnnnnnnnnnnnnncc
ccnnnnnnnnnnnnnnnnnnnnnnnnnncc
ccnnnnnnnnnnnnnnnnnnnnnnnnnncc
cccccccccccccccccccccccccccccc
cccccccccccccccccccccccccccccc
